<?xml version="1.0" encoding="UTF-8"?>
<!-- Generated by org.testng.reporters.JUnitXMLReporter -->
<testsuite ignored="0" hostname="LAPTOP-GF7O58QP" failures="0" tests="5" name="ChromeTest" time="77.371" errors="0" timestamp="2023-04-22T11:15:09 EDT">
  <testcase classname="testCases.TC_002_LoginDataDrivenTest" name="test_LoginDDT" time="11.314"/>
  <testcase classname="testCases.TC_002_LoginDataDrivenTest" name="test_LoginDDT" time="25.268"/>
  <testcase classname="testCases.TC_002_LoginDataDrivenTest" name="test_LoginDDT" time="10.317"/>
  <testcase classname="testCases.TC_002_LoginDataDrivenTest" name="test_LoginDDT" time="10.291"/>
  <testcase classname="testCases.TC_002_LoginDataDrivenTest" name="test_LoginDDT" time="10.296"/>
</testsuite> <!-- ChromeTest -->
