<?xml version="1.0" encoding="UTF-8"?>
<testng-results ignored="0" total="5" passed="5" failed="0" skipped="0">
  <reporter-output>
  </reporter-output>
  <suite started-at="2023-04-22T11:13:52 EDT" name="Suite" finished-at="2023-04-22T11:15:09 EDT" duration-ms="77371">
    <groups>
    </groups>
    <test started-at="2023-04-22T11:13:52 EDT" name="ChromeTest" finished-at="2023-04-22T11:15:09 EDT" duration-ms="77371">
      <class name="testCases.TC_002_LoginDataDrivenTest">
        <test-method is-config="true" signature="setup(java.lang.String)[pri:0, instance:testCases.TC_002_LoginDataDrivenTest@175c2241]" started-at="2023-04-22T11:13:52 EDT" name="setup" finished-at="2023-04-22T11:13:56 EDT" duration-ms="4228" status="PASS">
          <params>
            <param index="0">
              <value>
                <![CDATA[chrome]]>
              </value>
            </param>
          </params>
          <reporter-output>
          </reporter-output>
        </test-method> <!-- setup -->
        <test-method signature="test_LoginDDT(java.lang.String,java.lang.String,java.lang.String)[pri:0, instance:testCases.TC_002_LoginDataDrivenTest@175c2241]" started-at="2023-04-22T11:14:01 EDT" name="test_LoginDDT" data-provider="LoginData" finished-at="2023-04-22T11:14:12 EDT" duration-ms="11314" status="PASS">
          <params>
            <param index="0">
              <value>
                <![CDATA[test@gmail.com]]>
              </value>
            </param>
            <param index="1">
              <value>
                <![CDATA[test@123]]>
              </value>
            </param>
            <param index="2">
              <value>
                <![CDATA[Invalid]]>
              </value>
            </param>
          </params>
          <reporter-output>
          </reporter-output>
        </test-method> <!-- test_LoginDDT -->
        <test-method signature="test_LoginDDT(java.lang.String,java.lang.String,java.lang.String)[pri:0, instance:testCases.TC_002_LoginDataDrivenTest@175c2241]" started-at="2023-04-22T11:14:12 EDT" name="test_LoginDDT" data-provider="LoginData" finished-at="2023-04-22T11:14:38 EDT" duration-ms="25268" status="PASS">
          <params>
            <param index="0">
              <value>
                <![CDATA[lakshmi@yahoo.com]]>
              </value>
            </param>
            <param index="1">
              <value>
                <![CDATA[Laxmi]]>
              </value>
            </param>
            <param index="2">
              <value>
                <![CDATA[Invalid]]>
              </value>
            </param>
          </params>
          <reporter-output>
          </reporter-output>
        </test-method> <!-- test_LoginDDT -->
        <test-method signature="test_LoginDDT(java.lang.String,java.lang.String,java.lang.String)[pri:0, instance:testCases.TC_002_LoginDataDrivenTest@175c2241]" started-at="2023-04-22T11:14:38 EDT" name="test_LoginDDT" data-provider="LoginData" finished-at="2023-04-22T11:14:48 EDT" duration-ms="10317" status="PASS">
          <params>
            <param index="0">
              <value>
                <![CDATA[laksh@yahoo.com]]>
              </value>
            </param>
            <param index="1">
              <value>
                <![CDATA[Lakshmi]]>
              </value>
            </param>
            <param index="2">
              <value>
                <![CDATA[Invalid]]>
              </value>
            </param>
          </params>
          <reporter-output>
          </reporter-output>
        </test-method> <!-- test_LoginDDT -->
        <test-method signature="test_LoginDDT(java.lang.String,java.lang.String,java.lang.String)[pri:0, instance:testCases.TC_002_LoginDataDrivenTest@175c2241]" started-at="2023-04-22T11:14:48 EDT" name="test_LoginDDT" data-provider="LoginData" finished-at="2023-04-22T11:14:58 EDT" duration-ms="10291" status="PASS">
          <params>
            <param index="0">
              <value>
                <![CDATA[laks@yahoo.com]]>
              </value>
            </param>
            <param index="1">
              <value>
                <![CDATA[xyz]]>
              </value>
            </param>
            <param index="2">
              <value>
                <![CDATA[Invalid]]>
              </value>
            </param>
          </params>
          <reporter-output>
          </reporter-output>
        </test-method> <!-- test_LoginDDT -->
        <test-method signature="test_LoginDDT(java.lang.String,java.lang.String,java.lang.String)[pri:0, instance:testCases.TC_002_LoginDataDrivenTest@175c2241]" started-at="2023-04-22T11:14:58 EDT" name="test_LoginDDT" data-provider="LoginData" finished-at="2023-04-22T11:15:09 EDT" duration-ms="10296" status="PASS">
          <params>
            <param index="0">
              <value>
                <![CDATA[abc123@gmail.com]]>
              </value>
            </param>
            <param index="1">
              <value>
                <![CDATA[test@123]]>
              </value>
            </param>
            <param index="2">
              <value>
                <![CDATA[Invalid]]>
              </value>
            </param>
          </params>
          <reporter-output>
          </reporter-output>
        </test-method> <!-- test_LoginDDT -->
        <test-method is-config="true" signature="teadDown()[pri:0, instance:testCases.TC_002_LoginDataDrivenTest@175c2241]" started-at="2023-04-22T11:15:09 EDT" name="teadDown" finished-at="2023-04-22T11:15:09 EDT" duration-ms="255" status="PASS">
          <reporter-output>
          </reporter-output>
        </test-method> <!-- teadDown -->
      </class> <!-- testCases.TC_002_LoginDataDrivenTest -->
    </test> <!-- ChromeTest -->
  </suite> <!-- Suite -->
</testng-results>
